#
# There is insufficient memory for the Java Runtime Environment to continue.
# Native memory allocation (mmap) failed to map 65536 bytes for Failed to commit area from 0x00000209cbc30000 to 0x00000209cbc40000 of length 65536.
# Possible reasons:
#   The system is out of physical RAM or swap space
#   The process is running with CompressedOops enabled, and the Java Heap may be blocking the growth of the native heap
# Possible solutions:
#   Reduce memory load on the system
#   Increase physical memory or swap space
#   Check if swap backing store is full
#   Decrease Java heap size (-Xmx/-Xms)
#   Decrease number of Java threads
#   Decrease Java thread stack sizes (-Xss)
#   Set larger code cache with -XX:ReservedCodeCacheSize=
# This output file may be truncated or incomplete.
#
#  Out of Memory Error (./src/hotspot/os/windows/os_windows.cpp:3301), pid=19508, tid=15340
#
# JRE version:  (11.0.10+9) (build )
# Java VM: Dynamic Code Evolution 64-Bit Server VM (11.0.10+9-b1341.35, mixed mode, sharing, tiered, compressed oops, g1 gc, windows-amd64)
# No core dump will be written. Minidumps are not enabled by default on client versions of Windows
#

---------------  S U M M A R Y ------------

Command Line: org.jetbrains.git4idea.http.GitAskPassApp Username for 'https://github.com': 

Host: Intel(R) Core(TM) i7-6700HQ CPU @ 2.60GHz, 8 cores, 15G,  Windows 10 , 64 bit Build 19041 (10.0.19041.1023)
Time: Thu Jun 24 00:41:44 2021 Central America Standard Time elapsed time: 0.018290 seconds (0d 0h 0m 0s)

---------------  T H R E A D  ---------------

Current thread (0x00000209b3413000):  JavaThread "Unknown thread" [_thread_in_vm, id=15340, stack(0x000000dbd3f00000,0x000000dbd4000000)]

Stack: [0x000000dbd3f00000,0x000000dbd4000000]
Native frames: (J=compiled Java code, j=interpreted, Vv=VM code, C=native code)
V  [jvm.dll+0x5f84fa]
V  [jvm.dll+0x77e085]
V  [jvm.dll+0x77f5dd]
V  [jvm.dll+0x77fc93]
V  [jvm.dll+0x2457e8]
V  [jvm.dll+0x5f58f4]
V  [jvm.dll+0x5ea975]
V  [jvm.dll+0x30228b]
V  [jvm.dll+0x3021fa]
V  [jvm.dll+0x3020d2]
V  [jvm.dll+0x3070c5]
V  [jvm.dll+0x34f867]
V  [jvm.dll+0x34ff46]
V  [jvm.dll+0x34f943]
V  [jvm.dll+0x2dbcb8]
V  [jvm.dll+0x2dce57]
V  [jvm.dll+0x75c4d7]
V  [jvm.dll+0x75dd6c]
V  [jvm.dll+0x35cdb9]
V  [jvm.dll+0x73fc9e]
V  [jvm.dll+0x3c5663]
V  [jvm.dll+0x3c7a21]
C  [jli.dll+0x5373]
C  [ucrtbase.dll+0x21bb2]
C  [KERNEL32.DLL+0x17034]
C  [ntdll.dll+0x52651]


---------------  P R O C E S S  ---------------

Threads class SMR info:
_java_thread_list=0x00000209b11f4df0, length=0, elements={
}

Java Threads: ( => current thread )

Other Threads:
  0x00000209b342a800 GCTaskThread "GC Thread#0" [stack: 0x000000dbd4000000,0x000000dbd4100000] [id=1364]
  0x00000209b3487800 ConcurrentGCThread "G1 Main Marker" [stack: 0x000000dbd4100000,0x000000dbd4200000] [id=26996]
  0x00000209b3489000 ConcurrentGCThread "G1 Conc#0" [stack: 0x000000dbd4200000,0x000000dbd4300000] [id=29372]

[error occurred during error reporting (printing all threads), id 0xc0000005, EXCEPTION_ACCESS_VIOLATION (0xc0000005) at pc=0x00007ffe4ad7c437]

VM state:not at safepoint (not fully initialized)

VM Mutex/Monitor currently owned by a thread:  ([mutex/lock_event])
[0x00000209b340ece0] Heap_lock - owner thread: 0x00000209b3413000

Heap address: 0x0000000701800000, size: 4072 MB, Compressed Oops mode: Non-zero based: 0x0000000701800000
Narrow klass base: 0x0000000000000000, Narrow klass shift: 0

GC Heap History (0 events):
No events

Deoptimization events (0 events):
No events

Classes redefined (0 events):
No events

Internal exceptions (0 events):
No events

Events (1 events):
Event: 0.008 Loaded shared library C:\Program Files\JetBrains\PyCharm Community Edition 2021.1\jbr\bin\zip.dll


Dynamic libraries:
0x00007ff7a2e70000 - 0x00007ff7a2e7a000 	C:\Program Files\JetBrains\PyCharm Community Edition 2021.1\jbr\bin\java.exe
0x00007ffeb8af0000 - 0x00007ffeb8ce5000 	C:\WINDOWS\SYSTEM32\ntdll.dll
0x00007ffeb7df0000 - 0x00007ffeb7ead000 	C:\WINDOWS\System32\KERNEL32.DLL
0x00007ffeb6400000 - 0x00007ffeb66c8000 	C:\WINDOWS\System32\KERNELBASE.dll
0x00007ffeb6830000 - 0x00007ffeb6930000 	C:\WINDOWS\System32\ucrtbase.dll
0x00007ffeade80000 - 0x00007ffeade99000 	C:\Program Files\JetBrains\PyCharm Community Edition 2021.1\jbr\bin\jli.dll
0x00007ffea1250000 - 0x00007ffea1267000 	C:\Program Files\JetBrains\PyCharm Community Edition 2021.1\jbr\bin\VCRUNTIME140.dll
0x00007ffeb8580000 - 0x00007ffeb8720000 	C:\WINDOWS\System32\USER32.dll
0x00007ffeb6330000 - 0x00007ffeb6352000 	C:\WINDOWS\System32\win32u.dll
0x00007ffeb8720000 - 0x00007ffeb874a000 	C:\WINDOWS\System32\GDI32.dll
0x00007ffea1b00000 - 0x00007ffea1d9a000 	C:\WINDOWS\WinSxS\amd64_microsoft.windows.common-controls_6595b64144ccf1df_6.0.19041.1052_none_60b8f8fd71f5e8cb\COMCTL32.dll
0x00007ffeb6a50000 - 0x00007ffeb6b5b000 	C:\WINDOWS\System32\gdi32full.dll
0x00007ffeb6de0000 - 0x00007ffeb6e7e000 	C:\WINDOWS\System32\msvcrt.dll
0x00007ffeb6360000 - 0x00007ffeb63fd000 	C:\WINDOWS\System32\msvcp_win.dll
0x00007ffeb7a70000 - 0x00007ffeb7aa0000 	C:\WINDOWS\System32\IMM32.DLL
0x00007ffe79340000 - 0x00007ffe793dd000 	C:\Program Files\JetBrains\PyCharm Community Edition 2021.1\jbr\bin\msvcp140.dll
0x00007ffe4aa90000 - 0x00007ffe4b5df000 	C:\Program Files\JetBrains\PyCharm Community Edition 2021.1\jbr\bin\server\jvm.dll
0x00007ffeb7bb0000 - 0x00007ffeb7c5c000 	C:\WINDOWS\System32\ADVAPI32.dll
0x00007ffeb84b0000 - 0x00007ffeb854b000 	C:\WINDOWS\System32\sechost.dll
0x00007ffeb7eb0000 - 0x00007ffeb7fdb000 	C:\WINDOWS\System32\RPCRT4.dll
0x00007ffeb8570000 - 0x00007ffeb8578000 	C:\WINDOWS\System32\PSAPI.DLL
0x00007ffeb4970000 - 0x00007ffeb4979000 	C:\WINDOWS\SYSTEM32\WSOCK32.dll
0x00007ffea8ce0000 - 0x00007ffea8d07000 	C:\WINDOWS\SYSTEM32\WINMM.dll
0x00007ffeb7d80000 - 0x00007ffeb7deb000 	C:\WINDOWS\System32\WS2_32.dll
0x00007ffeac960000 - 0x00007ffeac96a000 	C:\WINDOWS\SYSTEM32\VERSION.dll
0x00007ffeb4b10000 - 0x00007ffeb4b22000 	C:\WINDOWS\SYSTEM32\kernel.appcore.dll
0x00007ffeaa9a0000 - 0x00007ffeaa9b1000 	C:\Program Files\JetBrains\PyCharm Community Edition 2021.1\jbr\bin\verify.dll
0x00007ffeb3ff0000 - 0x00007ffeb41d4000 	C:\WINDOWS\SYSTEM32\DBGHELP.DLL
0x00007ffe9cad0000 - 0x00007ffe9cafc000 	C:\WINDOWS\SYSTEM32\dbgcore.DLL
0x00007ffeb6960000 - 0x00007ffeb69e3000 	C:\WINDOWS\System32\bcryptPrimitives.dll
0x00007ffe91680000 - 0x00007ffe916a9000 	C:\Program Files\JetBrains\PyCharm Community Edition 2021.1\jbr\bin\java.dll
0x00007ffeb0420000 - 0x00007ffeb042b000 	C:\Program Files\JetBrains\PyCharm Community Edition 2021.1\jbr\bin\jimage.dll
0x00007ffea1090000 - 0x00007ffea10a8000 	C:\Program Files\JetBrains\PyCharm Community Edition 2021.1\jbr\bin\zip.dll

dbghelp: loaded successfully - version: 4.0.5 - missing functions: none
symbol engine: initialized successfully - sym options: 0x614 - pdb path: .;C:\Program Files\JetBrains\PyCharm Community Edition 2021.1\jbr\bin;C:\WINDOWS\SYSTEM32;C:\WINDOWS\WinSxS\amd64_microsoft.windows.common-controls_6595b64144ccf1df_6.0.19041.1052_none_60b8f8fd71f5e8cb;C:\Program Files\JetBrains\PyCharm Community Edition 2021.1\jbr\bin\server

VM Arguments:
java_command: org.jetbrains.git4idea.http.GitAskPassApp Username for 'https://github.com': 
java_class_path (initial): C:/Program Files/JetBrains/PyCharm Community Edition 2021.1/plugins/git4idea/lib/git4idea-rt.jar;C:/Program Files/JetBrains/PyCharm Community Edition 2021.1/lib/xmlrpc-2.0.1.jar;C:/Program Files/JetBrains/PyCharm Community Edition 2021.1/lib/commons-codec-1.15.jar
Launcher Type: SUN_STANDARD

[Global flags]
     intx CICompilerCount                          = 4                                         {product} {ergonomic}
     uint ConcGCThreads                            = 2                                         {product} {ergonomic}
     uint G1ConcRefinementThreads                  = 8                                         {product} {ergonomic}
   size_t G1HeapRegionSize                         = 1048576                                   {product} {ergonomic}
    uintx GCDrainStackTargetSize                   = 64                                        {product} {ergonomic}
   size_t InitialHeapSize                          = 268435456                                 {product} {ergonomic}
   size_t MarkStackSize                            = 4194304                                   {product} {ergonomic}
   size_t MaxHeapSize                              = 4269801472                                {product} {ergonomic}
   size_t MinHeapDeltaBytes                        = 1048576                                   {product} {ergonomic}
    uintx NonNMethodCodeHeapSize                   = 5836300                                {pd product} {ergonomic}
    uintx NonProfiledCodeHeapSize                  = 122910970                              {pd product} {ergonomic}
    uintx ProfiledCodeHeapSize                     = 122910970                              {pd product} {ergonomic}
    uintx ReservedCodeCacheSize                    = 251658240                              {pd product} {ergonomic}
     bool SegmentedCodeCache                       = true                                      {product} {ergonomic}
     bool UseCompressedClassPointers               = true                                 {lp64_product} {ergonomic}
     bool UseCompressedOops                        = true                                 {lp64_product} {ergonomic}
     bool UseG1GC                                  = true                                      {product} {ergonomic}
     bool UseLargePagesIndividualAllocation        = false                                  {pd product} {ergonomic}

Logging:
Log output configuration:
 #0: stdout all=warning uptime,level,tags
 #1: stderr all=off uptime,level,tags

Environment Variables:
JAVA_HOME=C:\Program Files\Java\jdk1.8.0_121
CLASSPATH=.;C:\Program Files\Java\jdk1.8.0_121
PATH=C:\Program Files\Git\mingw64\libexec\git-core;C:\Program Files\Git\mingw64\bin;C:\Program Files\Git\usr\bin;C:\Users\shalo\bin;C:\ProgramData\DockerDesktop\version-bin;C:\Program Files\Docker\Docker\Resources\bin;C:\Program Files (x86)\Microsoft SDKs\Azure\CLI2\wbin;C:\Program Files (x86)\Common Files\Oracle\Java\javapath;C:\Program Files (x86)\Intel\iCLS Client;D:\Program Files\Autodesk\Alias2017\bin;C:\Program Files\Intel\iCLS Client;C:\Windows\system32;C:\Windows;C:\Windows\System32\Wbem;C:\Windows\System32\WindowsPowerShell\v1.0;C:\Program Files (x86)\NVIDIA Corporation\PhysX\Common;C:\Program Files (x86)\Common Files\Adobe\AGL;C:\Program Files\dotnet;C:\Program Files (x86)\GtkSharp\2.12\bin;C:\WINDOWS\system32;C:\WINDOWS;C:\WINDOWS\System32\Wbem;C:\WINDOWS\System32\WindowsPowerShell\v1.0;C:\Program Files (x86)\Windows Live\Shared;C:\Program Files (x86)\Microsoft Emulator Manager\1.0;C:\Program Files (x86)\Microsoft SQL Server\130\Tools\Binn;C:\Program Files (x86)\Microsoft SQL Server\130\DTS\Binn;C:\Program Files\Microsoft SQL Server\130\Tools\Binn;C:\Program Files\Microsoft SQL Server\130\DTS\Binn;C:\Program Files\Microsoft SQL Server\Client SDK\ODBC\130\Tools\Binn;C:\Program Files\MySQL\MySQL Utilities 1.6;C:\Program Files (x86)\dotnet;C:\Program Files (x86)\Intel\Intel(R) Management Engine Components\DAL;C:\Program Files\Intel\Intel(R) Management Engine Components\DAL;C:\Program Files (x86)\Intel\Intel(R) Management Engine Components\IPT;C:\Program Files\Intel\Intel(R) Management Engine Components\IPT;C:\WINDOWS\System32\OpenSSH;C:\Program Files\NVIDIA Corporation\NVIDIA NvDLISR;D:\Program Files\nodejs;C:\Program Files (x86)\Microsoft VS Code\bin;C:\Program Files\Microsoft\Web Platform Installer;C:\Program Files\Microsoft SQL Server\Client SDK\ODBC\170\Tools\Binn;C:\Program Files (x86)\Microsoft SQL Server\150\DTS\Binn;C:\Program Files\PowerShell\6;%SystemRoot%\system32;%SystemRoot%;%SystemRoot%\System32\Wbem;%SYSTEMROOT%\System32\WindowsPowerShell\v1.0;%S
USERNAME=shalo
DISPLAY=:0.0
LC_ALL=en_US.UTF-8
OS=Windows_NT
PROCESSOR_IDENTIFIER=Intel64 Family 6 Model 94 Stepping 3, GenuineIntel



---------------  S Y S T E M  ---------------

OS: Windows 10 , 64 bit Build 19041 (10.0.19041.1023)
OS uptime: 3 days 2:51 hours
Hyper-V role detected

CPU:total 8 (initial active 8) (4 cores per cpu, 2 threads per core) family 6 model 94 stepping 3 microcode 0xcc, cmov, cx8, fxsr, mmx, sse, sse2, sse3, ssse3, sse4.1, sse4.2, popcnt, avx, avx2, aes, clmul, erms, rtm, 3dnowpref, lzcnt, ht, tsc, tscinvbit, bmi1, bmi2, adx, fma

Memory: 4k page, system-wide physical 16283M (1544M free)
TotalPageFile size 24562M (AvailPageFile size 3M)
current process WorkingSet (physical memory assigned to process): 14M, peak: 14M
current process commit charge ("private bytes"): 322M, peak: 322M

vm_info: Dynamic Code Evolution 64-Bit Server VM (11.0.10+9-b1341.35) for windows-amd64 JRE (11.0.10+9-b1341.35), built on Mar 31 2021 02:11:12 by "" with MS VC++ 14.0 (VS2015)

END.
